<?xml version="1.0" encoding="UTF-8" ?>
<testsuites>
  <testsuite errors="0" failures="0" hostname="SYSTEM-49" id="0" name="AllTests" package="test" skipped="0" tests="2" time="108.884" timestamp="2015-11-30T19:39:27">
      <properties>
[...]
</properties>

      <testcase classname="test.Contacttutor" name="testContactTutor" time="60.09" />

      <testcase classname="test.Search" name="testSearch1" time="48.64" />

      <system-out><![CDATA[Tutor Page CheckPoint Passed
Cost Range CheckPoint Passed
Contact Page CheckPoint Passed
]]></system-out>

      <system-err><![CDATA[]]></system-err>

  </testsuite>
</testsuites>
